1636038925303	geckodriver	INFO	Listening on 127.0.0.1:45949
1636038925317	mozrunner::runner	INFO	Running command: "/usr/bin/firefox" "--marionette" "--remote-debugging-port" "51369" "-no-remote" "-profile" "/tmp/rust_mozprofilej8nPHJ"
1636038928731	Marionette	INFO	Marionette enabled
console.warn: SearchSettings: "get: No settings file exists, new profile?" (new NotFoundError("Could not open the file at /tmp/rust_mozprofilej8nPHJ/search.json.mozlz4", (void 0)))
DevTools listening on ws://localhost:51369/devtools/browser/62004140-5b45-42de-8563-56977704bb2c
1636038935311	Marionette	INFO	Listening on port 42655
1636038935450	RemoteAgent	WARN	TLS certificate errors will be ignored for this session
1636038937607	Marionette	INFO	Stopped listening on port 42655
JavaScript error: resource://gre/modules/UrlClassifierListManager.jsm, line 691: TypeError: this.tablesData[table] is undefined
JavaScript error: resource:///modules/Interactions.jsm, line 201: NS_ERROR_FAILURE: Component returned failure code: 0x80004005 (NS_ERROR_FAILURE) [nsIUserIdleService.removeIdleObserver]
1636709921348	geckodriver	INFO	Listening on 127.0.0.1:52999
1636709921761	mozrunner::runner	INFO	Running command: "/usr/bin/firefox" "--marionette" "--remote-debugging-port" "49541" "-no-remote" "-profile" "/tmp/rust_mozprofilev6OzXF"
Running Firefox as root in a regular user's session is not supported.  ($XDG_RUNTIME_DIR is /run/user/1000 which is owned by daniel.)
1636709972383	geckodriver	INFO	Listening on 127.0.0.1:38651
1636709972396	mozrunner::runner	INFO	Running command: "/usr/bin/firefox" "--marionette" "--remote-debugging-port" "35649" "-no-remote" "-profile" "/tmp/rust_mozprofileJCM4tX"
ATTENTION: default value of option mesa_glthread overridden by environment.
ATTENTION: default value of option mesa_glthread overridden by environment.
ATTENTION: default value of option mesa_glthread overridden by environment.
ATTENTION: default value of option mesa_glthread overridden by environment.
1636709976317	Marionette	INFO	Marionette enabled
console.warn: SearchSettings: "get: No settings file exists, new profile?" (new NotFoundError("Could not open the file at /tmp/rust_mozprofileJCM4tX/search.json.mozlz4", (void 0)))
DevTools listening on ws://localhost:35649/devtools/browser/c7a88640-0579-46cf-b1e3-351a84892455
1636709983511	Marionette	INFO	Listening on port 44707
1636709983631	RemoteAgent	WARN	TLS certificate errors will be ignored for this session
1636709996089	Marionette	INFO	Stopped listening on port 44707
1636986135752	geckodriver	INFO	Listening on 127.0.0.1:47363
1636986136165	mozrunner::runner	INFO	Running command: "/usr/bin/firefox" "--marionette" "--remote-debugging-port" "60581" "-no-remote" "-profile" "/tmp/rust_mozprofile6gs3lG"
ATTENTION: default value of option mesa_glthread overridden by environment.
ATTENTION: default value of option mesa_glthread overridden by environment.
ATTENTION: default value of option mesa_glthread overridden by environment.
ATTENTION: default value of option mesa_glthread overridden by environment.
1636986140195	Marionette	INFO	Marionette enabled
console.warn: SearchSettings: "get: No settings file exists, new profile?" (new NotFoundError("Could not open the file at /tmp/rust_mozprofile6gs3lG/search.json.mozlz4", (void 0)))
DevTools listening on ws://localhost:60581/devtools/browser/a1e329e1-a993-4790-acd3-4fe8d9af7d58
1636986148031	Marionette	INFO	Listening on port 37935
1636986148309	RemoteAgent	WARN	TLS certificate errors will be ignored for this session
1636986151810	Marionette	INFO	Stopped listening on port 37935

###!!! [Parent][RunMessage] Error: Channel closing: too late to send/recv, messages will be lost

1637316399216	geckodriver	INFO	Listening on 127.0.0.1:58965
1637316399622	mozrunner::runner	INFO	Running command: "/usr/bin/firefox" "--marionette" "--remote-debugging-port" "42529" "-no-remote" "-profile" "/tmp/rust_mozprofilepApo67"
Running Firefox as root in a regular user's session is not supported.  ($XDG_RUNTIME_DIR is /run/user/1000 which is owned by daniel.)
1637316448025	geckodriver	INFO	Listening on 127.0.0.1:57063
1637316448040	mozrunner::runner	INFO	Running command: "/usr/bin/firefox" "--marionette" "--remote-debugging-port" "37421" "-no-remote" "-profile" "/tmp/rust_mozprofilerNEkYM"
ATTENTION: default value of option mesa_glthread overridden by environment.
ATTENTION: default value of option mesa_glthread overridden by environment.
ATTENTION: default value of option mesa_glthread overridden by environment.
ATTENTION: default value of option mesa_glthread overridden by environment.
1637316452607	Marionette	INFO	Marionette enabled
console.warn: SearchSettings: "get: No settings file exists, new profile?" (new NotFoundError("Could not open the file at /tmp/rust_mozprofilerNEkYM/search.json.mozlz4", (void 0)))
DevTools listening on ws://localhost:37421/devtools/browser/bce9a56a-e21f-4831-a0e0-1711068f0404
1637316461312	Marionette	INFO	Listening on port 42737
1637316461626	RemoteAgent	WARN	TLS certificate errors will be ignored for this session
1637316474598	Marionette	INFO	Stopped listening on port 42737
1637567237601	geckodriver	INFO	Listening on 127.0.0.1:34427
1637567238011	mozrunner::runner	INFO	Running command: "/usr/bin/firefox" "--marionette" "--remote-debugging-port" "37671" "-no-remote" "-profile" "/tmp/rust_mozprofileaDjYRR"
ATTENTION: default value of option mesa_glthread overridden by environment.
ATTENTION: default value of option mesa_glthread overridden by environment.
ATTENTION: default value of option mesa_glthread overridden by environment.
ATTENTION: default value of option mesa_glthread overridden by environment.
1637567242082	Marionette	INFO	Marionette enabled
console.warn: SearchSettings: "get: No settings file exists, new profile?" (new NotFoundError("Could not open the file at /tmp/rust_mozprofileaDjYRR/search.json.mozlz4", (void 0)))
DevTools listening on ws://localhost:37671/devtools/browser/399e63c0-e342-4eba-9f7d-920d8887efa1
1637567250396	Marionette	INFO	Listening on port 45625
1637567250641	RemoteAgent	WARN	TLS certificate errors will be ignored for this session
1637567262512	Marionette	INFO	Stopped listening on port 45625
1637567301800	geckodriver	INFO	Listening on 127.0.0.1:55469
1637567301812	mozrunner::runner	INFO	Running command: "/usr/bin/firefox" "--marionette" "--remote-debugging-port" "33727" "-no-remote" "-profile" "/tmp/rust_mozprofiletHup62"
Running Firefox as root in a regular user's session is not supported.  ($XDG_RUNTIME_DIR is /run/user/1000 which is owned by daniel.)
1637663106335	geckodriver	INFO	Listening on 127.0.0.1:33641
1637663106349	mozrunner::runner	INFO	Running command: "/usr/bin/firefox" "--marionette" "--remote-debugging-port" "38613" "-no-remote" "-profile" "/tmp/rust_mozprofilefc555o"
Running Firefox as root in a regular user's session is not supported.  ($XDG_RUNTIME_DIR is /run/user/1000 which is owned by daniel.)
1637663142446	geckodriver	INFO	Listening on 127.0.0.1:36833
1637663142460	mozrunner::runner	INFO	Running command: "/usr/bin/firefox" "--marionette" "--remote-debugging-port" "60819" "-no-remote" "-profile" "/tmp/rust_mozprofileX7KkVg"
ATTENTION: default value of option mesa_glthread overridden by environment.
ATTENTION: default value of option mesa_glthread overridden by environment.
ATTENTION: default value of option mesa_glthread overridden by environment.
ATTENTION: default value of option mesa_glthread overridden by environment.
1637663152805	Marionette	INFO	Marionette enabled
console.warn: SearchSettings: "get: No settings file exists, new profile?" (new NotFoundError("Could not open the file at /tmp/rust_mozprofileX7KkVg/search.json.mozlz4", (void 0)))
DevTools listening on ws://localhost:60819/devtools/browser/0afbc3d4-a7bc-4f75-92a3-7886ee594bbd
1637663166364	Marionette	INFO	Listening on port 42709
1637663166998	RemoteAgent	WARN	TLS certificate errors will be ignored for this session
Exiting due to channel error.
Exiting due to channel error.
Exiting due to channel error.
1637744424013	geckodriver	INFO	Listening on 127.0.0.1:58499
1637744424025	mozrunner::runner	INFO	Running command: "/usr/bin/firefox" "--marionette" "--remote-debugging-port" "35287" "-no-remote" "-profile" "/tmp/rust_mozprofilea9K3sH"
ATTENTION: default value of option mesa_glthread overridden by environment.
ATTENTION: default value of option mesa_glthread overridden by environment.
ATTENTION: default value of option mesa_glthread overridden by environment.
ATTENTION: default value of option mesa_glthread overridden by environment.
1637744447001	Marionette	INFO	Marionette enabled
console.warn: SearchSettings: "get: No settings file exists, new profile?" (new NotFoundError("Could not open the file at /tmp/rust_mozprofilea9K3sH/search.json.mozlz4", (void 0)))
DevTools listening on ws://localhost:35287/devtools/browser/bd9b9487-a885-4fef-aa04-18f0d8449675
1637744476942	Marionette	INFO	Listening on port 40089
1637744477228	RemoteAgent	WARN	TLS certificate errors will be ignored for this session
1637744488810	Marionette	INFO	Stopped listening on port 40089
1637744530177	geckodriver	INFO	Listening on 127.0.0.1:50783
1637744530189	mozrunner::runner	INFO	Running command: "/usr/bin/firefox" "--marionette" "--remote-debugging-port" "44241" "-no-remote" "-profile" "/tmp/rust_mozprofilej8RmF0"
Running Firefox as root in a regular user's session is not supported.  ($XDG_RUNTIME_DIR is /run/user/1000 which is owned by daniel.)
1637746123218	geckodriver	INFO	Listening on 127.0.0.1:34501
1637746123230	mozrunner::runner	INFO	Running command: "/usr/bin/firefox" "--marionette" "--remote-debugging-port" "40855" "-no-remote" "-profile" "/tmp/rust_mozprofilevwbSFo"
Running Firefox as root in a regular user's session is not supported.  ($XDG_RUNTIME_DIR is /run/user/1000 which is owned by daniel.)
1637746149031	geckodriver	INFO	Listening on 127.0.0.1:59813
1637746149043	mozrunner::runner	INFO	Running command: "/usr/bin/firefox" "--marionette" "--remote-debugging-port" "36305" "-no-remote" "-profile" "/tmp/rust_mozprofileLtfrrw"
ATTENTION: default value of option mesa_glthread overridden by environment.
ATTENTION: default value of option mesa_glthread overridden by environment.
ATTENTION: default value of option mesa_glthread overridden by environment.
ATTENTION: default value of option mesa_glthread overridden by environment.
1637746153360	Marionette	INFO	Marionette enabled
console.warn: SearchSettings: "get: No settings file exists, new profile?" (new NotFoundError("Could not open the file at /tmp/rust_mozprofileLtfrrw/search.json.mozlz4", (void 0)))
DevTools listening on ws://localhost:36305/devtools/browser/bcdaab6a-dd3c-4524-a12e-89c352700510
1637746162445	Marionette	INFO	Listening on port 44073
1637746162597	RemoteAgent	WARN	TLS certificate errors will be ignored for this session
1637746168465	Marionette	INFO	Stopped listening on port 44073
1637823322764	geckodriver	INFO	Listening on 127.0.0.1:38551
1637823322778	mozrunner::runner	INFO	Running command: "/usr/bin/firefox" "--marionette" "--remote-debugging-port" "46959" "-no-remote" "-profile" "/tmp/rust_mozprofiletYS4Nw"
Running Firefox as root in a regular user's session is not supported.  ($XDG_RUNTIME_DIR is /run/user/1000 which is owned by daniel.)
1637824414829	geckodriver	INFO	Listening on 127.0.0.1:38413
1637824414844	mozrunner::runner	INFO	Running command: "/usr/bin/firefox" "--marionette" "--remote-debugging-port" "40829" "-no-remote" "-profile" "/tmp/rust_mozprofileFxU8Hn"
Running Firefox as root in a regular user's session is not supported.  ($XDG_RUNTIME_DIR is /run/user/1000 which is owned by daniel.)
1637825289079	geckodriver	INFO	Listening on 127.0.0.1:60737
1637825289092	mozrunner::runner	INFO	Running command: "/usr/bin/firefox" "--marionette" "--remote-debugging-port" "42777" "-no-remote" "-profile" "/tmp/rust_mozprofileHTkFhi"
Running Firefox as root in a regular user's session is not supported.  ($XDG_RUNTIME_DIR is /run/user/1000 which is owned by daniel.)
1637825328042	geckodriver	INFO	Listening on 127.0.0.1:42391
1637825328055	mozrunner::runner	INFO	Running command: "/usr/bin/firefox" "--marionette" "--remote-debugging-port" "59063" "-no-remote" "-profile" "/tmp/rust_mozprofilenT5cqZ"
ATTENTION: default value of option mesa_glthread overridden by environment.
ATTENTION: default value of option mesa_glthread overridden by environment.
ATTENTION: default value of option mesa_glthread overridden by environment.
ATTENTION: default value of option mesa_glthread overridden by environment.
1637825335190	Marionette	INFO	Marionette enabled
console.warn: SearchSettings: "get: No settings file exists, new profile?" (new NotFoundError("Could not open the file at /tmp/rust_mozprofilenT5cqZ/search.json.mozlz4", (void 0)))
DevTools listening on ws://localhost:59063/devtools/browser/7eaf8292-3561-4d21-87fc-47db7ef0d4b0
1637825346757	Marionette	INFO	Listening on port 42385
1637825346950	RemoteAgent	WARN	TLS certificate errors will be ignored for this session
1637825396867	Marionette	INFO	Stopped listening on port 42385

###!!! [Parent][RunMessage] Error: Channel closing: too late to send/recv, messages will be lost

1637828106994	geckodriver	INFO	Listening on 127.0.0.1:60515
1637828107536	mozrunner::runner	INFO	Running command: "/usr/bin/firefox" "--marionette" "--remote-debugging-port" "47771" "-no-remote" "-profile" "/tmp/rust_mozprofileOvC0ai"
Running Firefox as root in a regular user's session is not supported.  ($XDG_RUNTIME_DIR is /run/user/1000 which is owned by daniel.)
1637828116637	geckodriver	INFO	Listening on 127.0.0.1:42661
1637828117149	mozrunner::runner	INFO	Running command: "/usr/bin/firefox" "--marionette" "--remote-debugging-port" "57735" "-no-remote" "-profile" "/tmp/rust_mozprofileuAANpX"
Running Firefox as root in a regular user's session is not supported.  ($XDG_RUNTIME_DIR is /run/user/1000 which is owned by daniel.)
1637828333899	geckodriver	INFO	Listening on 127.0.0.1:56129
1637828333911	mozrunner::runner	INFO	Running command: "/usr/bin/firefox" "--marionette" "--remote-debugging-port" "54353" "-no-remote" "-profile" "/tmp/rust_mozprofileVuouv8"
Running Firefox as root in a regular user's session is not supported.  ($XDG_RUNTIME_DIR is /run/user/1000 which is owned by daniel.)
1637828402716	geckodriver	INFO	Listening on 127.0.0.1:54563
1637828402731	mozrunner::runner	INFO	Running command: "/usr/bin/firefox" "--marionette" "--remote-debugging-port" "56565" "-no-remote" "-profile" "/tmp/rust_mozprofileBvfECW"
Running Firefox as root in a regular user's session is not supported.  ($XDG_RUNTIME_DIR is /run/user/1000 which is owned by daniel.)
1637828402861	geckodriver	INFO	Listening on 127.0.0.1:58389
1637828403369	mozrunner::runner	INFO	Running command: "/usr/bin/firefox" "--marionette" "--remote-debugging-port" "40457" "-no-remote" "-profile" "/tmp/rust_mozprofilebF8C4w"
Running Firefox as root in a regular user's session is not supported.  ($XDG_RUNTIME_DIR is /run/user/1000 which is owned by daniel.)
1637828790980	geckodriver	INFO	Listening on 127.0.0.1:39715
1637828790991	mozrunner::runner	INFO	Running command: "/usr/bin/firefox" "--marionette" "--remote-debugging-port" "51949" "-no-remote" "-profile" "/tmp/rust_mozprofileRmGhNx"
Running Firefox as root in a regular user's session is not supported.  ($XDG_RUNTIME_DIR is /run/user/1000 which is owned by daniel.)
1637829112723	geckodriver	INFO	Listening on 127.0.0.1:35105
1637829112738	mozrunner::runner	INFO	Running command: "/usr/bin/firefox" "--marionette" "--remote-debugging-port" "56645" "-no-remote" "-profile" "/tmp/rust_mozprofilef0IRQk"
Running Firefox as root in a regular user's session is not supported.  ($XDG_RUNTIME_DIR is /run/user/1000 which is owned by daniel.)
1637829129721	geckodriver	INFO	Listening on 127.0.0.1:45967
1637829129735	mozrunner::runner	INFO	Running command: "/usr/bin/firefox" "--marionette" "--remote-debugging-port" "54369" "-no-remote" "-profile" "/tmp/rust_mozprofileCaJeNZ"
ATTENTION: default value of option mesa_glthread overridden by environment.
ATTENTION: default value of option mesa_glthread overridden by environment.
ATTENTION: default value of option mesa_glthread overridden by environment.
ATTENTION: default value of option mesa_glthread overridden by environment.
1637829138232	Marionette	INFO	Marionette enabled
console.warn: SearchSettings: "get: No settings file exists, new profile?" (new NotFoundError("Could not open the file at /tmp/rust_mozprofileCaJeNZ/search.json.mozlz4", (void 0)))
DevTools listening on ws://localhost:54369/devtools/browser/e528a49d-d69a-41b2-afb2-3ec426521844
1637829150406	Marionette	INFO	Listening on port 41215
1637829150611	RemoteAgent	WARN	TLS certificate errors will be ignored for this session
1637829157999	Marionette	INFO	Stopped listening on port 41215
